<?xml version="1.0" encoding="UTF-8" ?>
<testsuite tests="7" failures="0" name="step_definitions.RunCukesTest" time="1.495" errors="0" skipped="0">
  <properties>
[...]
</properties>
  <testcase classname="Scenario: User make a purchase with 2 item" name="Given User open the website sauce demo" time="0.007"/>
  <testcase classname="Scenario: User make a purchase with 2 item" name="When User input &quot;standard_user&quot; as userName and input &quot;secret_sauce&quot; as password" time="0"/>
  <testcase classname="Scenario: User make a purchase with 2 item" name="Then User already on landing page" time="0"/>
  <testcase classname="Scenario: User make a purchase with 2 item" name="And User sort product list by &quot;Price (high to low)&quot;" time="0"/>
  <testcase classname="Scenario: User make a purchase with 2 item" name="And User choice 2 product from the list" time="0"/>
  <testcase classname="Scenario: User make a purchase with 2 item" name="And User Click item To Chart" time="0"/>
  <testcase classname="Scenario: User make a purchase with 2 item" name="Scenario: User make a purchase with 2 item" time="1.488"/>
</testsuite>